<?xml version="1.0" encoding="utf-8"?><testsuites name="pytest tests"><testsuite name="pytest" errors="0" failures="0" skipped="0" tests="24" time="5.820" timestamp="2026-01-16T21:26:10.753751+00:00" hostname="agent-env-3fe26976-be9a-4c05-869e-ec462222115e"><testcase classname="tests.test_backend_api.TestHealthCheck" name="test_health_endpoint" time="0.076" /><testcase classname="tests.test_backend_api.TestPublicEndpoints" name="test_public_pillars" time="0.039" /><testcase classname="tests.test_backend_api.TestPublicEndpoints" name="test_public_departments" time="0.044" /><testcase classname="tests.test_backend_api.TestPublicEndpoints" name="test_public_departments_filtered_by_pillar" time="0.036" /><testcase classname="tests.test_backend_api.TestPublicEndpoints" name="test_public_teams" time="0.038" /><testcase classname="tests.test_backend_api.TestPublicEndpoints" name="test_public_teams_filtered_by_pillar_and_department" time="0.039" /><testcase classname="tests.test_backend_api.TestAuthentication" name="test_admin_login_success" time="0.256" /><testcase classname="tests.test_backend_api.TestAuthentication" name="test_approver_login_success" time="0.297" /><testcase classname="tests.test_backend_api.TestAuthentication" name="test_user_login_failure" time="0.299" /><testcase classname="tests.test_backend_api.TestAuthentication" name="test_login_invalid_credentials" time="0.072" /><testcase classname="tests.test_backend_api.TestAuthentication" name="test_get_current_user" time="0.290" /><testcase classname="tests.test_backend_api.TestAdminPanelAPIs" name="test_get_users" time="0.297" /><testcase classname="tests.test_backend_api.TestAdminPanelAPIs" name="test_get_pillars" time="0.297" /><testcase classname="tests.test_backend_api.TestAdminPanelAPIs" name="test_create_and_delete_pillar" time="0.372" /><testcase classname="tests.test_backend_api.TestAdminPanelAPIs" name="test_get_departments" time="0.290" /><testcase classname="tests.test_backend_api.TestAdminPanelAPIs" name="test_create_and_delete_department" time="0.341" /><testcase classname="tests.test_backend_api.TestAdminPanelAPIs" name="test_get_teams" time="0.340" /><testcase classname="tests.test_backend_api.TestAdminPanelAPIs" name="test_create_and_delete_team" time="0.378" /><testcase classname="tests.test_backend_api.TestAdminPanelAPIs" name="test_get_tech_persons" time="0.296" /><testcase classname="tests.test_backend_api.TestAdminPanelAPIs" name="test_create_and_delete_tech_person" time="0.349" /><testcase classname="tests.test_backend_api.TestApproverSubRole" name="test_set_sub_role" time="0.333" /><testcase classname="tests.test_backend_api.TestApproverSubRole" name="test_invalid_sub_role" time="0.312" /><testcase classname="tests.test_backend_api.TestRegistration" name="test_register_new_user" time="0.545" /><testcase classname="tests.test_backend_api.TestRegistration" name="test_register_duplicate_username" time="0.047" /></testsuite></testsuites>